TN:
SF:lib/config.ts
FN:36,loadConfig
FNF:1
FNH:1
FNDA:5,loadConfig
DA:1,1
DA:2,1
DA:3,1
DA:4,1
DA:5,1
DA:6,1
DA:7,1
DA:8,1
DA:9,1
DA:10,1
DA:11,1
DA:12,1
DA:13,1
DA:14,1
DA:15,1
DA:16,1
DA:17,1
DA:18,1
DA:19,1
DA:20,1
DA:21,1
DA:22,1
DA:23,1
DA:24,1
DA:25,1
DA:26,1
DA:27,1
DA:28,1
DA:29,1
DA:30,1
DA:31,1
DA:32,1
DA:33,1
DA:34,1
DA:35,1
DA:36,1
DA:37,5
DA:38,5
DA:39,5
DA:40,5
DA:41,5
DA:42,1
DA:43,1
DA:44,4
DA:45,4
DA:46,4
DA:47,4
DA:48,3
DA:49,3
DA:50,5
DA:51,2
DA:52,2
DA:53,2
DA:54,1
DA:55,1
DA:56,1
DA:57,1
DA:58,1
DA:59,5
LF:59
LH:59
BRDA:36,0,0,5
BRDA:41,1,0,4
BRDA:41,2,0,1
BRDA:44,3,0,4
BRDA:48,4,0,3
BRDA:50,5,0,2
BRDA:54,6,0,1
BRF:7
BRH:7
end_of_record
